<?xml version="1.0" encoding="UTF-8"?>
<coverage generated="1576068121209" clover="3.2.0">
  <project timestamp="1576068121209" name="All files">
    <metrics statements="52" coveredstatements="49" conditionals="38" coveredconditionals="31" methods="18" coveredmethods="16" elements="108" coveredelements="96" complexity="0" loc="52" ncloc="52" packages="2" files="4" classes="4"/>
    <package name="js">
      <metrics statements="51" coveredstatements="48" conditionals="38" coveredconditionals="31" methods="18" coveredmethods="16"/>
      <file name="create.js" path="/home/clara/Documentos/misrepos/tdd_food/js/create.js">
        <metrics statements="24" coveredstatements="23" conditionals="27" coveredconditionals="23" methods="7" coveredmethods="7"/>
        <line num="3" count="3" type="cond" truecount="1" falsecount="1"/>
        <line num="4" count="5" type="stmt"/>
        <line num="5" count="3" type="stmt"/>
        <line num="6" count="3" type="stmt"/>
        <line num="7" count="0" type="stmt"/>
        <line num="11" count="17" type="stmt"/>
        <line num="19" count="17" type="stmt"/>
        <line num="23" count="16" type="cond" truecount="2" falsecount="0"/>
        <line num="24" count="11" type="stmt"/>
        <line num="25" count="56" type="stmt"/>
        <line num="26" count="11" type="stmt"/>
        <line num="31" count="15" type="cond" truecount="2" falsecount="0"/>
        <line num="32" count="14" type="stmt"/>
        <line num="33" count="14" type="stmt"/>
        <line num="34" count="14" type="stmt"/>
        <line num="35" count="14" type="stmt"/>
        <line num="37" count="14" type="stmt"/>
        <line num="47" count="14" type="stmt"/>
        <line num="52" count="3" type="cond" truecount="2" falsecount="0"/>
        <line num="54" count="2" type="stmt"/>
        <line num="55" count="2" type="stmt"/>
        <line num="56" count="2" type="stmt"/>
        <line num="58" count="2" type="stmt"/>
        <line num="63" count="2" type="stmt"/>
      </file>
      <file name="print.js" path="/home/clara/Documentos/misrepos/tdd_food/js/print.js">
        <metrics statements="25" coveredstatements="23" conditionals="11" coveredconditionals="8" methods="9" coveredmethods="7"/>
        <line num="6" count="4" type="cond" truecount="1" falsecount="1"/>
        <line num="7" count="4" type="stmt"/>
        <line num="8" count="12" type="stmt"/>
        <line num="9" count="4" type="stmt"/>
        <line num="14" count="2" type="cond" truecount="4" falsecount="0"/>
        <line num="15" count="1" type="stmt"/>
        <line num="16" count="1" type="stmt"/>
        <line num="17" count="2" type="stmt"/>
        <line num="23" count="1" type="stmt"/>
        <line num="24" count="0" type="stmt"/>
        <line num="25" count="0" type="stmt"/>
        <line num="30" count="2" type="stmt"/>
        <line num="31" count="2" type="stmt"/>
        <line num="32" count="2" type="stmt"/>
        <line num="33" count="2" type="stmt"/>
        <line num="34" count="2" type="stmt"/>
        <line num="35" count="2" type="stmt"/>
        <line num="36" count="2" type="stmt"/>
        <line num="40" count="1" type="stmt"/>
        <line num="41" count="1" type="cond" truecount="1" falsecount="1"/>
        <line num="46" count="3" type="cond" truecount="2" falsecount="0"/>
        <line num="47" count="2" type="stmt"/>
        <line num="49" count="1" type="stmt"/>
        <line num="50" count="1" type="stmt"/>
        <line num="51" count="1" type="stmt"/>
      </file>
      <file name="service.js" path="/home/clara/Documentos/misrepos/tdd_food/js/service.js">
        <metrics statements="2" coveredstatements="2" conditionals="0" coveredconditionals="0" methods="2" coveredmethods="2"/>
        <line num="2" count="2" type="stmt"/>
        <line num="5" count="2" type="stmt"/>
      </file>
    </package>
    <package name="tests.fixtures">
      <metrics statements="1" coveredstatements="1" conditionals="0" coveredconditionals="0" methods="0" coveredmethods="0"/>
      <file name="apiFoodFix.js" path="/home/clara/Documentos/misrepos/tdd_food/tests/fixtures/apiFoodFix.js">
        <metrics statements="1" coveredstatements="1" conditionals="0" coveredconditionals="0" methods="0" coveredmethods="0"/>
        <line num="1" count="3" type="stmt"/>
      </file>
    </package>
  </project>
</coverage>
