{"/home/clara/Documentos/misrepos/tdd_food/js/create.js": {"path":"/home/clara/Documentos/misrepos/tdd_food/js/create.js","statementMap":{"0":{"start":{"line":3,"column":4},"end":{"line":7,"column":24}},"1":{"start":{"line":4,"column":20},"end":{"line":4,"column":75}},"2":{"start":{"line":4,"column":54},"end":{"line":4,"column":71}},"3":{"start":{"line":5,"column":23},"end":{"line":5,"column":44}},"4":{"start":{"line":6,"column":8},"end":{"line":6,"column":33}},"5":{"start":{"line":7,"column":13},"end":{"line":7,"column":22}},"6":{"start":{"line":11,"column":23},"end":{"line":18,"column":5}},"7":{"start":{"line":19,"column":4},"end":{"line":19,"column":22}},"8":{"start":{"line":23,"column":4},"end":{"line":27,"column":5}},"9":{"start":{"line":24,"column":30},"end":{"line":24,"column":32}},"10":{"start":{"line":25,"column":8},"end":{"line":25,"column":93}},"11":{"start":{"line":25,"column":35},"end":{"line":25,"column":91}},"12":{"start":{"line":26,"column":8},"end":{"line":26,"column":31}},"13":{"start":{"line":31,"column":4},"end":{"line":48,"column":5}},"14":{"start":{"line":32,"column":27},"end":{"line":32,"column":48}},"15":{"start":{"line":33,"column":102},"end":{"line":33,"column":112}},"16":{"start":{"line":34,"column":69},"end":{"line":34,"column":75}},"17":{"start":{"line":35,"column":32},"end":{"line":35,"column":62}},"18":{"start":{"line":37,"column":23},"end":{"line":46,"column":14}},"19":{"start":{"line":47,"column":8},"end":{"line":47,"column":22}},"20":{"start":{"line":52,"column":4},"end":{"line":64,"column":5}},"21":{"start":{"line":53,"column":36},"end":{"line":53,"column":39}},"22":{"start":{"line":54,"column":27},"end":{"line":54,"column":48}},"23":{"start":{"line":55,"column":57},"end":{"line":55,"column":67}},"24":{"start":{"line":57,"column":25},"end":{"line":62,"column":14}},"25":{"start":{"line":63,"column":8},"end":{"line":63,"column":24}}},"fnMap":{"0":{"name":"getTotalPrice","decl":{"start":{"line":2,"column":9},"end":{"line":2,"column":22}},"loc":{"start":{"line":2,"column":39},"end":{"line":8,"column":1}},"line":2},"1":{"name":"(anonymous_1)","decl":{"start":{"line":4,"column":32},"end":{"line":4,"column":33}},"loc":{"start":{"line":4,"column":54},"end":{"line":4,"column":71}},"line":4},"2":{"name":"createDefaultObject","decl":{"start":{"line":10,"column":9},"end":{"line":10,"column":28}},"loc":{"start":{"line":10,"column":31},"end":{"line":20,"column":1}},"line":10},"3":{"name":"getIngredientList","decl":{"start":{"line":22,"column":9},"end":{"line":22,"column":26}},"loc":{"start":{"line":22,"column":40},"end":{"line":28,"column":1}},"line":22},"4":{"name":"(anonymous_4)","decl":{"start":{"line":25,"column":28},"end":{"line":25,"column":29}},"loc":{"start":{"line":25,"column":35},"end":{"line":25,"column":91}},"line":25},"5":{"name":"createCard","decl":{"start":{"line":30,"column":9},"end":{"line":30,"column":19}},"loc":{"start":{"line":30,"column":28},"end":{"line":49,"column":1}},"line":30},"6":{"name":"createShoppingCard","decl":{"start":{"line":51,"column":9},"end":{"line":51,"column":27}},"loc":{"start":{"line":51,"column":33},"end":{"line":65,"column":1}},"line":51}},"branchMap":{"0":{"loc":{"start":{"line":2,"column":29},"end":{"line":2,"column":37}},"type":"default-arg","locations":[{"start":{"line":2,"column":35},"end":{"line":2,"column":37}}],"line":2},"1":{"loc":{"start":{"line":3,"column":4},"end":{"line":7,"column":24}},"type":"if","locations":[{"start":{"line":3,"column":4},"end":{"line":7,"column":24}},{"start":{"line":3,"column":4},"end":{"line":7,"column":24}}],"line":3},"2":{"loc":{"start":{"line":23,"column":4},"end":{"line":27,"column":5}},"type":"if","locations":[{"start":{"line":23,"column":4},"end":{"line":27,"column":5}},{"start":{"line":23,"column":4},"end":{"line":27,"column":5}}],"line":23},"3":{"loc":{"start":{"line":31,"column":4},"end":{"line":48,"column":5}},"type":"if","locations":[{"start":{"line":31,"column":4},"end":{"line":48,"column":5}},{"start":{"line":31,"column":4},"end":{"line":48,"column":5}}],"line":31},"4":{"loc":{"start":{"line":38,"column":17},"end":{"line":38,"column":32}},"type":"binary-expr","locations":[{"start":{"line":38,"column":17},"end":{"line":38,"column":19}},{"start":{"line":38,"column":23},"end":{"line":38,"column":32}}],"line":38},"5":{"loc":{"start":{"line":39,"column":37},"end":{"line":39,"column":56}},"type":"binary-expr","locations":[{"start":{"line":39,"column":37},"end":{"line":39,"column":41}},{"start":{"line":39,"column":45},"end":{"line":39,"column":56}}],"line":39},"6":{"loc":{"start":{"line":40,"column":45},"end":{"line":40,"column":66}},"type":"binary-expr","locations":[{"start":{"line":40,"column":45},"end":{"line":40,"column":50}},{"start":{"line":40,"column":54},"end":{"line":40,"column":66}}],"line":40},"7":{"loc":{"start":{"line":42,"column":48},"end":{"line":42,"column":67}},"type":"binary-expr","locations":[{"start":{"line":42,"column":48},"end":{"line":42,"column":53}},{"start":{"line":42,"column":57},"end":{"line":42,"column":67}}],"line":42},"8":{"loc":{"start":{"line":44,"column":43},"end":{"line":44,"column":69}},"type":"binary-expr","locations":[{"start":{"line":44,"column":43},"end":{"line":44,"column":54}},{"start":{"line":44,"column":58},"end":{"line":44,"column":69}}],"line":44},"9":{"loc":{"start":{"line":45,"column":44},"end":{"line":45,"column":81}},"type":"binary-expr","locations":[{"start":{"line":45,"column":44},"end":{"line":45,"column":59}},{"start":{"line":45,"column":63},"end":{"line":45,"column":81}}],"line":45},"10":{"loc":{"start":{"line":52,"column":4},"end":{"line":64,"column":5}},"type":"if","locations":[{"start":{"line":52,"column":4},"end":{"line":64,"column":5}},{"start":{"line":52,"column":4},"end":{"line":64,"column":5}}],"line":52},"11":{"loc":{"start":{"line":58,"column":22},"end":{"line":58,"column":37}},"type":"binary-expr","locations":[{"start":{"line":58,"column":22},"end":{"line":58,"column":24}},{"start":{"line":58,"column":28},"end":{"line":58,"column":37}}],"line":58},"12":{"loc":{"start":{"line":59,"column":42},"end":{"line":59,"column":61}},"type":"binary-expr","locations":[{"start":{"line":59,"column":42},"end":{"line":59,"column":46}},{"start":{"line":59,"column":50},"end":{"line":59,"column":61}}],"line":59},"13":{"loc":{"start":{"line":60,"column":50},"end":{"line":60,"column":71}},"type":"binary-expr","locations":[{"start":{"line":60,"column":50},"end":{"line":60,"column":55}},{"start":{"line":60,"column":59},"end":{"line":60,"column":71}}],"line":60},"14":{"loc":{"start":{"line":61,"column":48},"end":{"line":61,"column":63}},"type":"binary-expr","locations":[{"start":{"line":61,"column":48},"end":{"line":61,"column":50}},{"start":{"line":61,"column":54},"end":{"line":61,"column":63}}],"line":61}},"s":{"0":4,"1":3,"2":5,"3":3,"4":3,"5":1,"6":17,"7":17,"8":16,"9":11,"10":11,"11":56,"12":11,"13":15,"14":14,"15":14,"16":14,"17":14,"18":14,"19":14,"20":3,"21":2,"22":2,"23":2,"24":2,"25":2},"f":{"0":4,"1":5,"2":17,"3":16,"4":56,"5":15,"6":3},"b":{"0":[2],"1":[3,1],"2":[11,5],"3":[14,1],"4":[14,0],"5":[14,4],"6":[14,0],"7":[14,0],"8":[14,4],"9":[14,4],"10":[2,1],"11":[2,1],"12":[2,1],"13":[2,1],"14":[2,1]},"_coverageSchema":"43e27e138ebf9cfc5966b082cf9a028302ed4184","hash":"399511aeee7c7cff9151b3428533991eaa8ce691"}
,"/home/clara/Documentos/misrepos/tdd_food/js/main.js": {"path":"/home/clara/Documentos/misrepos/tdd_food/js/main.js","statementMap":{"0":{"start":{"line":6,"column":16},"end":{"line":6,"column":18}},"1":{"start":{"line":7,"column":15},"end":{"line":7,"column":17}},"2":{"start":{"line":10,"column":4},"end":{"line":15,"column":7}},"3":{"start":{"line":11,"column":8},"end":{"line":11,"column":24}},"4":{"start":{"line":12,"column":25},"end":{"line":12,"column":65}},"5":{"start":{"line":13,"column":8},"end":{"line":13,"column":54}},"6":{"start":{"line":14,"column":8},"end":{"line":14,"column":46}},"7":{"start":{"line":19,"column":21},"end":{"line":19,"column":66}},"8":{"start":{"line":19,"column":51},"end":{"line":19,"column":65}},"9":{"start":{"line":20,"column":4},"end":{"line":20,"column":36}},"10":{"start":{"line":24,"column":4},"end":{"line":27,"column":5}},"11":{"start":{"line":25,"column":19},"end":{"line":25,"column":41}},"12":{"start":{"line":26,"column":8},"end":{"line":26,"column":45}},"13":{"start":{"line":31,"column":4},"end":{"line":36,"column":5}},"14":{"start":{"line":32,"column":19},"end":{"line":32,"column":29}},"15":{"start":{"line":33,"column":29},"end":{"line":33,"column":68}},"16":{"start":{"line":33,"column":53},"end":{"line":33,"column":67}},"17":{"start":{"line":34,"column":25},"end":{"line":34,"column":54}},"18":{"start":{"line":35,"column":8},"end":{"line":35,"column":25}},"19":{"start":{"line":40,"column":17},"end":{"line":40,"column":54}},"20":{"start":{"line":41,"column":24},"end":{"line":41,"column":40}},"21":{"start":{"line":42,"column":23},"end":{"line":42,"column":68}},"22":{"start":{"line":42,"column":45},"end":{"line":42,"column":67}},"23":{"start":{"line":43,"column":19},"end":{"line":43,"column":44}},"24":{"start":{"line":44,"column":4},"end":{"line":44,"column":53}},"25":{"start":{"line":45,"column":4},"end":{"line":45,"column":46}},"26":{"start":{"line":46,"column":4},"end":{"line":46,"column":43}},"27":{"start":{"line":50,"column":4},"end":{"line":50,"column":26}},"28":{"start":{"line":51,"column":4},"end":{"line":51,"column":18}},"29":{"start":{"line":55,"column":4},"end":{"line":55,"column":23}},"30":{"start":{"line":56,"column":19},"end":{"line":56,"column":38}},"31":{"start":{"line":57,"column":4},"end":{"line":57,"column":40}},"32":{"start":{"line":58,"column":4},"end":{"line":58,"column":18}},"33":{"start":{"line":61,"column":0},"end":{"line":61,"column":16}}},"fnMap":{"0":{"name":"printDataFood","decl":{"start":{"line":9,"column":9},"end":{"line":9,"column":22}},"loc":{"start":{"line":9,"column":25},"end":{"line":16,"column":1}},"line":9},"1":{"name":"(anonymous_1)","decl":{"start":{"line":10,"column":19},"end":{"line":10,"column":20}},"loc":{"start":{"line":10,"column":27},"end":{"line":15,"column":5}},"line":10},"2":{"name":"findAndPush","decl":{"start":{"line":18,"column":9},"end":{"line":18,"column":20}},"loc":{"start":{"line":18,"column":56},"end":{"line":21,"column":1}},"line":18},"3":{"name":"(anonymous_3)","decl":{"start":{"line":19,"column":43},"end":{"line":19,"column":44}},"loc":{"start":{"line":19,"column":51},"end":{"line":19,"column":65}},"line":19},"4":{"name":"addToShopArray","decl":{"start":{"line":23,"column":9},"end":{"line":23,"column":23}},"loc":{"start":{"line":23,"column":31},"end":{"line":28,"column":1}},"line":23},"5":{"name":"deleteArrayItem","decl":{"start":{"line":30,"column":9},"end":{"line":30,"column":24}},"loc":{"start":{"line":30,"column":41},"end":{"line":37,"column":1}},"line":30},"6":{"name":"(anonymous_6)","decl":{"start":{"line":33,"column":45},"end":{"line":33,"column":46}},"loc":{"start":{"line":33,"column":53},"end":{"line":33,"column":67}},"line":33},"7":{"name":"rePrintCart","decl":{"start":{"line":39,"column":9},"end":{"line":39,"column":20}},"loc":{"start":{"line":39,"column":23},"end":{"line":47,"column":1}},"line":39},"8":{"name":"(anonymous_8)","decl":{"start":{"line":42,"column":37},"end":{"line":42,"column":38}},"loc":{"start":{"line":42,"column":45},"end":{"line":42,"column":67}},"line":42},"9":{"name":"printShopingData","decl":{"start":{"line":49,"column":9},"end":{"line":49,"column":25}},"loc":{"start":{"line":49,"column":33},"end":{"line":52,"column":1}},"line":49},"10":{"name":"refreshCart","decl":{"start":{"line":54,"column":9},"end":{"line":54,"column":20}},"loc":{"start":{"line":54,"column":28},"end":{"line":59,"column":1}},"line":54}},"branchMap":{"0":{"loc":{"start":{"line":24,"column":4},"end":{"line":27,"column":5}},"type":"if","locations":[{"start":{"line":24,"column":4},"end":{"line":27,"column":5}},{"start":{"line":24,"column":4},"end":{"line":27,"column":5}}],"line":24},"1":{"loc":{"start":{"line":31,"column":4},"end":{"line":36,"column":5}},"type":"if","locations":[{"start":{"line":31,"column":4},"end":{"line":36,"column":5}},{"start":{"line":31,"column":4},"end":{"line":36,"column":5}}],"line":31},"2":{"loc":{"start":{"line":31,"column":7},"end":{"line":31,"column":23}},"type":"binary-expr","locations":[{"start":{"line":31,"column":7},"end":{"line":31,"column":14}},{"start":{"line":31,"column":18},"end":{"line":31,"column":23}}],"line":31}},"s":{"0":2,"1":2,"2":3,"3":0,"4":0,"5":0,"6":0,"7":2,"8":3,"9":2,"10":2,"11":1,"12":1,"13":3,"14":3,"15":3,"16":4,"17":1,"18":1,"19":1,"20":1,"21":1,"22":0,"23":1,"24":1,"25":1,"26":1,"27":1,"28":1,"29":2,"30":2,"31":2,"32":0,"33":2},"f":{"0":3,"1":0,"2":2,"3":3,"4":2,"5":3,"6":4,"7":1,"8":0,"9":1,"10":2},"b":{"0":[1,1],"1":[3,0],"2":[3,3]},"_coverageSchema":"43e27e138ebf9cfc5966b082cf9a028302ed4184","hash":"ead24e9f536a4af6870699d5ae60978c30bfe64a"}
,"/home/clara/Documentos/misrepos/tdd_food/js/print.js": {"path":"/home/clara/Documentos/misrepos/tdd_food/js/print.js","statementMap":{"0":{"start":{"line":4,"column":4},"end":{"line":8,"column":5}},"1":{"start":{"line":5,"column":23},"end":{"line":5,"column":25}},"2":{"start":{"line":6,"column":8},"end":{"line":6,"column":55}},"3":{"start":{"line":6,"column":30},"end":{"line":6,"column":53}},"4":{"start":{"line":7,"column":8},"end":{"line":7,"column":34}},"5":{"start":{"line":12,"column":4},"end":{"line":17,"column":5}},"6":{"start":{"line":13,"column":25},"end":{"line":13,"column":63}},"7":{"start":{"line":14,"column":8},"end":{"line":16,"column":9}},"8":{"start":{"line":15,"column":12},"end":{"line":15,"column":51}},"9":{"start":{"line":22,"column":20},"end":{"line":22,"column":60}},"10":{"start":{"line":23,"column":4},"end":{"line":31,"column":5}},"11":{"start":{"line":24,"column":8},"end":{"line":24,"column":29}},"12":{"start":{"line":25,"column":29},"end":{"line":25,"column":48}},"13":{"start":{"line":26,"column":20},"end":{"line":26,"column":60}},"14":{"start":{"line":27,"column":28},"end":{"line":27,"column":55}},"15":{"start":{"line":28,"column":8},"end":{"line":28,"column":45}},"16":{"start":{"line":29,"column":8},"end":{"line":29,"column":37}},"17":{"start":{"line":30,"column":8},"end":{"line":30,"column":56}},"18":{"start":{"line":35,"column":25},"end":{"line":35,"column":63}},"19":{"start":{"line":36,"column":4},"end":{"line":36,"column":45}},"20":{"start":{"line":36,"column":23},"end":{"line":36,"column":44}},"21":{"start":{"line":41,"column":4},"end":{"line":49,"column":5}},"22":{"start":{"line":42,"column":8},"end":{"line":42,"column":28}},"23":{"start":{"line":44,"column":8},"end":{"line":44,"column":29}},"24":{"start":{"line":45,"column":29},"end":{"line":45,"column":70}},"25":{"start":{"line":46,"column":29},"end":{"line":46,"column":70}},"26":{"start":{"line":47,"column":8},"end":{"line":47,"column":62}},"27":{"start":{"line":47,"column":25},"end":{"line":47,"column":61}},"28":{"start":{"line":48,"column":8},"end":{"line":48,"column":85}},"29":{"start":{"line":48,"column":25},"end":{"line":48,"column":84}}},"fnMap":{"0":{"name":"printFoodList","decl":{"start":{"line":3,"column":9},"end":{"line":3,"column":22}},"loc":{"start":{"line":3,"column":45},"end":{"line":9,"column":1}},"line":3},"1":{"name":"(anonymous_1)","decl":{"start":{"line":6,"column":21},"end":{"line":6,"column":22}},"loc":{"start":{"line":6,"column":30},"end":{"line":6,"column":53}},"line":6},"2":{"name":"listenCards","decl":{"start":{"line":11,"column":9},"end":{"line":11,"column":20}},"loc":{"start":{"line":11,"column":34},"end":{"line":18,"column":1}},"line":11},"3":{"name":"printMsgEmptyCart","decl":{"start":{"line":21,"column":9},"end":{"line":21,"column":26}},"loc":{"start":{"line":21,"column":29},"end":{"line":32,"column":1}},"line":21},"4":{"name":"deleteMsgEmptyCart","decl":{"start":{"line":34,"column":9},"end":{"line":34,"column":27}},"loc":{"start":{"line":34,"column":30},"end":{"line":37,"column":1}},"line":34},"5":{"name":"printCounterResult","decl":{"start":{"line":40,"column":9},"end":{"line":40,"column":27}},"loc":{"start":{"line":40,"column":42},"end":{"line":50,"column":1}},"line":40}},"branchMap":{"0":{"loc":{"start":{"line":3,"column":29},"end":{"line":3,"column":37}},"type":"default-arg","locations":[{"start":{"line":3,"column":35},"end":{"line":3,"column":37}}],"line":3},"1":{"loc":{"start":{"line":4,"column":4},"end":{"line":8,"column":5}},"type":"if","locations":[{"start":{"line":4,"column":4},"end":{"line":8,"column":5}},{"start":{"line":4,"column":4},"end":{"line":8,"column":5}}],"line":4},"2":{"loc":{"start":{"line":12,"column":4},"end":{"line":17,"column":5}},"type":"if","locations":[{"start":{"line":12,"column":4},"end":{"line":17,"column":5}},{"start":{"line":12,"column":4},"end":{"line":17,"column":5}}],"line":12},"3":{"loc":{"start":{"line":12,"column":7},"end":{"line":12,"column":20}},"type":"binary-expr","locations":[{"start":{"line":12,"column":7},"end":{"line":12,"column":12}},{"start":{"line":12,"column":16},"end":{"line":12,"column":20}}],"line":12},"4":{"loc":{"start":{"line":23,"column":4},"end":{"line":31,"column":5}},"type":"if","locations":[{"start":{"line":23,"column":4},"end":{"line":31,"column":5}},{"start":{"line":23,"column":4},"end":{"line":31,"column":5}}],"line":23},"5":{"loc":{"start":{"line":36,"column":4},"end":{"line":36,"column":45}},"type":"if","locations":[{"start":{"line":36,"column":4},"end":{"line":36,"column":45}},{"start":{"line":36,"column":4},"end":{"line":36,"column":45}}],"line":36},"6":{"loc":{"start":{"line":41,"column":4},"end":{"line":49,"column":5}},"type":"if","locations":[{"start":{"line":41,"column":4},"end":{"line":49,"column":5}},{"start":{"line":41,"column":4},"end":{"line":49,"column":5}}],"line":41},"7":{"loc":{"start":{"line":47,"column":8},"end":{"line":47,"column":62}},"type":"if","locations":[{"start":{"line":47,"column":8},"end":{"line":47,"column":62}},{"start":{"line":47,"column":8},"end":{"line":47,"column":62}}],"line":47},"8":{"loc":{"start":{"line":48,"column":8},"end":{"line":48,"column":85}},"type":"if","locations":[{"start":{"line":48,"column":8},"end":{"line":48,"column":85}},{"start":{"line":48,"column":8},"end":{"line":48,"column":85}}],"line":48}},"s":{"0":5,"1":4,"2":4,"3":12,"4":4,"5":3,"6":2,"7":2,"8":2,"9":2,"10":2,"11":2,"12":2,"13":2,"14":2,"15":2,"16":2,"17":2,"18":5,"19":5,"20":0,"21":5,"22":2,"23":3,"24":3,"25":3,"26":3,"27":2,"28":3,"29":2},"f":{"0":5,"1":12,"2":3,"3":2,"4":5,"5":5},"b":{"0":[0],"1":[4,1],"2":[2,1],"3":[3,2],"4":[2,0],"5":[0,5],"6":[2,3],"7":[2,1],"8":[2,1]},"_coverageSchema":"43e27e138ebf9cfc5966b082cf9a028302ed4184","hash":"7cbd61d7df5ffaf94c47889199e4c5a3a627c1b7"}
,"/home/clara/Documentos/misrepos/tdd_food/js/service.js": {"path":"/home/clara/Documentos/misrepos/tdd_food/js/service.js","statementMap":{"0":{"start":{"line":2,"column":17},"end":{"line":2,"column":34}},"1":{"start":{"line":5,"column":4},"end":{"line":5,"column":51}},"2":{"start":{"line":5,"column":39},"end":{"line":5,"column":49}}},"fnMap":{"0":{"name":"callApi","decl":{"start":{"line":4,"column":9},"end":{"line":4,"column":16}},"loc":{"start":{"line":4,"column":19},"end":{"line":6,"column":1}},"line":4},"1":{"name":"(anonymous_1)","decl":{"start":{"line":5,"column":32},"end":{"line":5,"column":33}},"loc":{"start":{"line":5,"column":39},"end":{"line":5,"column":49}},"line":5}},"branchMap":{},"s":{"0":3,"1":4,"2":4},"f":{"0":4,"1":4},"b":{},"_coverageSchema":"43e27e138ebf9cfc5966b082cf9a028302ed4184","hash":"d4ed3b8cbdca04907a6cb3cdf9e8d1b1775a1475"}
,"/home/clara/Documentos/misrepos/tdd_food/tests/fixtures/apiFoodFix.js": {"path":"/home/clara/Documentos/misrepos/tdd_food/tests/fixtures/apiFoodFix.js","statementMap":{"0":{"start":{"line":1,"column":20},"end":{"line":53,"column":1}}},"fnMap":{},"branchMap":{},"s":{"0":3},"f":{},"b":{},"_coverageSchema":"43e27e138ebf9cfc5966b082cf9a028302ed4184","hash":"5bdd12dc9547fd35e1bc0c9e4b95d470f51228ba"}
}
