TN:
SF:/home/clara/Documentos/misrepos/tdd_food/js/create.js
FN:2,getTotalPrice
FN:4,(anonymous_1)
FN:10,createDefaultObject
FN:22,getIngredientList
FN:25,(anonymous_4)
FN:30,createCard
FN:51,createShoppingCard
FNF:7
FNH:7
FNDA:4,getTotalPrice
FNDA:5,(anonymous_1)
FNDA:17,createDefaultObject
FNDA:16,getIngredientList
FNDA:56,(anonymous_4)
FNDA:15,createCard
FNDA:3,createShoppingCard
DA:3,4
DA:4,5
DA:5,4
DA:6,4
DA:7,0
DA:11,17
DA:19,17
DA:23,16
DA:24,11
DA:25,56
DA:26,11
DA:31,15
DA:32,14
DA:33,14
DA:34,14
DA:35,14
DA:37,14
DA:47,14
DA:52,3
DA:54,2
DA:55,2
DA:56,2
DA:58,2
DA:63,2
LF:24
LH:23
BRDA:2,0,0,2
BRDA:3,1,0,4
BRDA:3,1,1,0
BRDA:23,2,0,11
BRDA:23,2,1,5
BRDA:31,3,0,14
BRDA:31,3,1,1
BRDA:38,4,0,14
BRDA:38,4,1,0
BRDA:39,5,0,14
BRDA:39,5,1,4
BRDA:40,6,0,14
BRDA:40,6,1,0
BRDA:42,7,0,14
BRDA:42,7,1,0
BRDA:44,8,0,14
BRDA:44,8,1,4
BRDA:45,9,0,14
BRDA:45,9,1,4
BRDA:52,10,0,2
BRDA:52,10,1,1
BRDA:59,11,0,2
BRDA:59,11,1,1
BRDA:60,12,0,2
BRDA:60,12,1,1
BRDA:61,13,0,2
BRDA:61,13,1,1
BRF:27
BRH:23
end_of_record
TN:
SF:/home/clara/Documentos/misrepos/tdd_food/js/main.js
FN:8,printDataFood
FN:9,(anonymous_1)
FN:17,addToShopArray
FN:20,(anonymous_3)
FNF:4
FNH:2
FNDA:3,printDataFood
FNDA:0,(anonymous_1)
FNDA:1,addToShopArray
FNDA:0,(anonymous_3)
DA:5,2
DA:6,2
DA:9,3
DA:10,0
DA:11,0
DA:12,0
DA:18,1
DA:19,0
DA:20,0
DA:21,0
DA:26,2
LF:11
LH:5
BRDA:18,0,0,0
BRDA:18,0,1,1
BRF:2
BRH:1
end_of_record
TN:
SF:/home/clara/Documentos/misrepos/tdd_food/js/print.js
FN:6,printFoodList
FN:9,(anonymous_1)
FN:14,listenCards
FN:24,printMsgEmptyCart
FN:34,deleteMsgEmptyCart
FN:40,printCounterResult
FN:53,printShopingData
FNF:7
FNH:7
FNDA:5,printFoodList
FNDA:12,(anonymous_1)
FNDA:2,listenCards
FNDA:3,printMsgEmptyCart
FNDA:2,deleteMsgEmptyCart
FNDA:5,printCounterResult
FNDA:1,printShopingData
DA:5,2
DA:7,5
DA:8,4
DA:9,12
DA:10,4
DA:15,2
DA:16,1
DA:17,1
DA:18,2
DA:25,3
DA:26,3
DA:27,3
DA:28,3
DA:29,3
DA:30,3
DA:31,3
DA:35,2
DA:36,2
DA:41,5
DA:42,3
DA:44,2
DA:45,2
DA:46,2
DA:47,2
DA:48,2
DA:54,1
DA:55,1
DA:57,1
DA:59,1
LF:29
LH:29
BRDA:6,0,0,1
BRDA:7,1,0,4
BRDA:7,1,1,1
BRDA:15,2,0,1
BRDA:15,2,1,1
BRDA:15,3,0,2
BRDA:15,3,1,1
BRDA:36,4,0,0
BRDA:36,4,1,2
BRDA:41,5,0,3
BRDA:41,5,1,2
BRF:11
BRH:10
end_of_record
TN:
SF:/home/clara/Documentos/misrepos/tdd_food/js/service.js
FN:4,callApi
FN:5,(anonymous_1)
FNF:2
FNH:2
FNDA:4,callApi
FNDA:4,(anonymous_1)
DA:2,3
DA:5,4
LF:2
LH:2
BRF:0
BRH:0
end_of_record
TN:
SF:/home/clara/Documentos/misrepos/tdd_food/tests/fixtures/apiFoodFix.js
FNF:0
FNH:0
DA:1,3
LF:1
LH:1
BRF:0
BRH:0
end_of_record
