TN:
SF:/home/clara/Documentos/misrepos/tdd_food/js/create.js
FN:2,getTotalPrice
FN:4,(anonymous_1)
FN:10,createDefaultObject
FN:22,getIngredientList
FN:25,(anonymous_4)
FN:30,createCard
FN:51,createShoppingCard
FNF:7
FNH:7
FNDA:3,getTotalPrice
FNDA:5,(anonymous_1)
FNDA:17,createDefaultObject
FNDA:16,getIngredientList
FNDA:56,(anonymous_4)
FNDA:15,createCard
FNDA:3,createShoppingCard
DA:3,3
DA:4,5
DA:5,3
DA:6,3
DA:7,0
DA:11,17
DA:19,17
DA:23,16
DA:24,11
DA:25,56
DA:26,11
DA:31,15
DA:32,14
DA:33,14
DA:34,14
DA:35,14
DA:37,14
DA:47,14
DA:52,3
DA:54,2
DA:55,2
DA:56,2
DA:58,2
DA:63,2
LF:24
LH:23
BRDA:2,0,0,1
BRDA:3,1,0,3
BRDA:3,1,1,0
BRDA:23,2,0,11
BRDA:23,2,1,5
BRDA:31,3,0,14
BRDA:31,3,1,1
BRDA:38,4,0,14
BRDA:38,4,1,0
BRDA:39,5,0,14
BRDA:39,5,1,4
BRDA:40,6,0,14
BRDA:40,6,1,0
BRDA:42,7,0,14
BRDA:42,7,1,0
BRDA:44,8,0,14
BRDA:44,8,1,4
BRDA:45,9,0,14
BRDA:45,9,1,4
BRDA:52,10,0,2
BRDA:52,10,1,1
BRDA:59,11,0,2
BRDA:59,11,1,1
BRDA:60,12,0,2
BRDA:60,12,1,1
BRDA:61,13,0,2
BRDA:61,13,1,1
BRF:27
BRH:23
end_of_record
TN:
SF:/home/clara/Documentos/misrepos/tdd_food/js/print.js
FN:5,printFoodList
FN:8,(anonymous_1)
FN:13,listenCards
FN:22,printDataFood
FN:23,(anonymous_4)
FN:29,printMsgEmptyCart
FN:39,deleteMsgEmptyCart
FN:45,printCounterResult
FN:57,printShopingData
FNF:9
FNH:7
FNDA:4,printFoodList
FNDA:12,(anonymous_1)
FNDA:2,listenCards
FNDA:1,printDataFood
FNDA:0,(anonymous_4)
FNDA:2,printMsgEmptyCart
FNDA:1,deleteMsgEmptyCart
FNDA:3,printCounterResult
FNDA:0,printShopingData
DA:6,4
DA:7,4
DA:8,12
DA:9,4
DA:14,2
DA:15,1
DA:16,1
DA:17,2
DA:23,1
DA:24,0
DA:25,0
DA:30,2
DA:31,2
DA:32,2
DA:33,2
DA:34,2
DA:35,2
DA:36,2
DA:40,1
DA:41,1
DA:46,3
DA:47,2
DA:49,1
DA:50,1
DA:51,1
LF:25
LH:23
BRDA:5,0,0,0
BRDA:6,1,0,4
BRDA:6,1,1,0
BRDA:14,2,0,1
BRDA:14,2,1,1
BRDA:14,3,0,2
BRDA:14,3,1,1
BRDA:41,4,0,0
BRDA:41,4,1,1
BRDA:46,5,0,2
BRDA:46,5,1,1
BRF:11
BRH:8
end_of_record
TN:
SF:/home/clara/Documentos/misrepos/tdd_food/js/service.js
FN:4,callApi
FN:5,(anonymous_1)
FNF:2
FNH:2
FNDA:2,callApi
FNDA:2,(anonymous_1)
DA:2,2
DA:5,2
LF:2
LH:2
BRF:0
BRH:0
end_of_record
TN:
SF:/home/clara/Documentos/misrepos/tdd_food/tests/fixtures/apiFoodFix.js
FNF:0
FNH:0
DA:1,3
LF:1
LH:1
BRF:0
BRH:0
end_of_record
